#
# There is insufficient memory for the Java Runtime Environment to continue.
# Native memory allocation (mmap) failed to map 266338304 bytes for Failed to commit area from 0x0000000702a00000 to 0x0000000712800000 of length 266338304.
# Possible reasons:
#   The system is out of physical RAM or swap space
#   The process is running with CompressedOops enabled, and the Java Heap may be blocking the growth of the native heap
# Possible solutions:
#   Reduce memory load on the system
#   Increase physical memory or swap space
#   Check if swap backing store is full
#   Decrease Java heap size (-Xmx/-Xms)
#   Decrease number of Java threads
#   Decrease Java thread stack sizes (-Xss)
#   Set larger code cache with -XX:ReservedCodeCacheSize=
# This output file may be truncated or incomplete.
#
#  Out of Memory Error (t:/workspace/open/src/hotspot/os/windows/os_windows.cpp:3269), pid=18512, tid=53828
#
# JRE version:  (11.0.1+13) (build )
# Java VM: Java HotSpot(TM) 64-Bit Server VM (11.0.1+13-LTS, mixed mode, aot, sharing, tiered, compressed oops, g1 gc, windows-amd64)
# No core dump will be written. Minidumps are not enabled by default on client versions of Windows
#

---------------  S U M M A R Y ------------

Command Line: -Dfile.encoding=Cp1252 testWindow

Host: Intel(R) Core(TM) i7-6700HQ CPU @ 2.60GHz, 8 cores, 15G,  Windows 10 , 64 bit Build 17763 (10.0.17763.475)
Time: Tue Jun 11 02:12:23 2019 Arabian Standard Time elapsed time: 0 seconds (0d 0h 0m 0s)

---------------  T H R E A D  ---------------

Current thread (0x0000028168488000):  JavaThread "Unknown thread" [_thread_in_vm, id=53828, stack(0x000000ebab400000,0x000000ebab500000)]

Stack: [0x000000ebab400000,0x000000ebab500000]
Native frames: (J=compiled Java code, j=interpreted, Vv=VM code, C=native code)
V  [jvm.dll+0x63c21a]
V  [jvm.dll+0x7797df]
V  [jvm.dll+0x77adca]
V  [jvm.dll+0x77b483]
V  [jvm.dll+0x2627f8]
V  [jvm.dll+0x6396ca]
V  [jvm.dll+0x62dfa5]
V  [jvm.dll+0x31699c]
V  [jvm.dll+0x316822]
V  [jvm.dll+0x31c096]
V  [jvm.dll+0x36842f]
V  [jvm.dll+0x367e50]
V  [jvm.dll+0x2f38b8]
V  [jvm.dll+0x2f4a16]
V  [jvm.dll+0x752da7]
V  [jvm.dll+0x7544ef]
V  [jvm.dll+0x375269]
V  [jvm.dll+0x7394a9]
V  [jvm.dll+0x3e467d]
V  [jvm.dll+0x3e6951]
C  [javaw.exe+0x3613]
C  [javaw.exe+0x17e2c]
C  [KERNEL32.DLL+0x17974]
C  [ntdll.dll+0x6a271]


---------------  P R O C E S S  ---------------

Threads class SMR info:
_java_thread_list=0x00000281663837c0, length=0, elements={
}

Java Threads: ( => current thread )

Other Threads:
  0x0000028168498800 GCTaskThread "GC Thread#0" [stack: 0x000000ebab500000,0x000000ebab600000] [id=60156]
  0x00000281684f7000 ConcurrentGCThread "G1 Main Marker" [stack: 0x000000ebab600000,0x000000ebab700000] [id=46860]
  0x00000281684f8000 ConcurrentGCThread "G1 Conc#0" [stack: 0x000000ebab700000,0x000000ebab800000] [id=34012]

[error occurred during error reporting (printing all threads), id 0xc0000005, EXCEPTION_ACCESS_VIOLATION (0xc0000005) at pc=0x00007ffd6a652137]

VM state:not at safepoint (not fully initialized)

VM Mutex/Monitor currently owned by a thread:  ([mutex/lock_event])
[0x00000281684855c0] Heap_lock - owner thread: 0x0000028168488000

Heap address: 0x0000000702a00000, size: 4054 MB, Compressed Oops mode: Non-zero based: 0x0000000702a00000
Narrow klass base: 0x0000000000000000, Narrow klass shift: 0

GC Heap History (0 events):
No events

Deoptimization events (0 events):
No events

Classes redefined (0 events):
No events

Internal exceptions (0 events):
No events

Events (0 events):
No events


Dynamic libraries:
0x00007ff679460000 - 0x00007ff6794a7000 	C:\Program Files\Java\jdk-11.0.1\bin\javaw.exe
0x00007ffda8d10000 - 0x00007ffda8efd000 	C:\WINDOWS\SYSTEM32\ntdll.dll
0x00007ffda8b00000 - 0x00007ffda8bb3000 	C:\WINDOWS\System32\KERNEL32.DLL
0x00007ffda5000000 - 0x00007ffda5293000 	C:\WINDOWS\System32\KERNELBASE.dll
0x00007ffda5f40000 - 0x00007ffda5fe3000 	C:\WINDOWS\System32\ADVAPI32.dll
0x00007ffda82c0000 - 0x00007ffda835e000 	C:\WINDOWS\System32\msvcrt.dll
0x00007ffda79f0000 - 0x00007ffda7a8e000 	C:\WINDOWS\System32\sechost.dll
0x00007ffda84b0000 - 0x00007ffda85d2000 	C:\WINDOWS\System32\RPCRT4.dll
0x00007ffda8740000 - 0x00007ffda88d7000 	C:\WINDOWS\System32\USER32.dll
0x00007ffda4e30000 - 0x00007ffda4e50000 	C:\WINDOWS\System32\win32u.dll
0x00007ffda5ff0000 - 0x00007ffda6019000 	C:\WINDOWS\System32\GDI32.dll
0x00007ffda5650000 - 0x00007ffda57ea000 	C:\WINDOWS\System32\gdi32full.dll
0x00007ffda52a0000 - 0x00007ffda5340000 	C:\WINDOWS\System32\msvcp_win.dll
0x00007ffda4f00000 - 0x00007ffda4ffa000 	C:\WINDOWS\System32\ucrtbase.dll
0x00007ffd8a8f0000 - 0x00007ffd8ab69000 	C:\WINDOWS\WinSxS\amd64_microsoft.windows.common-controls_6595b64144ccf1df_6.0.17763.503_none_05b23ef40721f4ae\COMCTL32.dll
0x00007ffd927a0000 - 0x00007ffd927aa000 	C:\WINDOWS\SYSTEM32\VERSION.dll
0x00007ffda7af0000 - 0x00007ffda7e1c000 	C:\WINDOWS\System32\combase.dll
0x00007ffda55d0000 - 0x00007ffda564e000 	C:\WINDOWS\System32\bcryptPrimitives.dll
0x00007ffda64d0000 - 0x00007ffda64fe000 	C:\WINDOWS\System32\IMM32.DLL
0x00007ffd8dd10000 - 0x00007ffd8dd26000 	C:\Program Files\Java\jdk-11.0.1\bin\vcruntime140.dll
0x00007ffd85370000 - 0x00007ffd8541a000 	C:\Program Files\Java\jdk-11.0.1\bin\msvcp140.dll
0x00007ffd6a350000 - 0x00007ffd6ae92000 	C:\Program Files\Java\jdk-11.0.1\bin\server\jvm.dll
0x00007ffda88e0000 - 0x00007ffda88e8000 	C:\WINDOWS\System32\PSAPI.DLL
0x00007ffd9e9d0000 - 0x00007ffd9e9f4000 	C:\WINDOWS\SYSTEM32\WINMM.dll
0x00007ffd8c620000 - 0x00007ffd8c629000 	C:\WINDOWS\SYSTEM32\WSOCK32.dll
0x00007ffda8bc0000 - 0x00007ffda8c2d000 	C:\WINDOWS\System32\WS2_32.dll
0x00007ffd9e9a0000 - 0x00007ffd9e9cd000 	C:\WINDOWS\SYSTEM32\WINMMBASE.dll
0x00007ffda4de0000 - 0x00007ffda4e2a000 	C:\WINDOWS\System32\cfgmgr32.dll
0x00007ffda4d60000 - 0x00007ffda4d71000 	C:\WINDOWS\System32\kernel.appcore.dll
0x00007ffd9ea60000 - 0x00007ffd9ea71000 	C:\Program Files\Java\jdk-11.0.1\bin\verify.dll
0x00007ffda37e0000 - 0x00007ffda39cd000 	C:\WINDOWS\SYSTEM32\DBGHELP.DLL
0x00007ffd901d0000 - 0x00007ffd901fa000 	C:\WINDOWS\SYSTEM32\dbgcore.DLL
0x00007ffd981a0000 - 0x00007ffd981c9000 	C:\Program Files\Java\jdk-11.0.1\bin\java.dll
0x00007ffd98370000 - 0x00007ffd98386000 	C:\Program Files\Java\jdk-11.0.1\bin\zip.dll
0x00007ffda17d0000 - 0x00007ffda17da000 	C:\Program Files\Java\jdk-11.0.1\bin\jimage.dll

dbghelp: loaded successfully - version: 4.0.5 - missing functions: none
symbol engine: initialized successfully - sym options: 0x614 - pdb path: .;C:\Program Files\Java\jdk-11.0.1\bin;C:\WINDOWS\SYSTEM32;C:\WINDOWS\WinSxS\amd64_microsoft.windows.common-controls_6595b64144ccf1df_6.0.17763.503_none_05b23ef40721f4ae;C:\Program Files\Java\jdk-11.0.1\bin\server

VM Arguments:
jvm_args: -Dfile.encoding=Cp1252 
java_command: testWindow
java_class_path (initial): D:\Users\lenovo\Documents\University\eclipse-workspace\PESConverter\bin
Launcher Type: SUN_STANDARD

[Global flags]
     intx CICompilerCount                          = 4                                         {product} {ergonomic}
     uint ConcGCThreads                            = 2                                         {product} {ergonomic}
     uint G1ConcRefinementThreads                  = 8                                         {product} {ergonomic}
   size_t G1HeapRegionSize                         = 1048576                                   {product} {ergonomic}
    uintx GCDrainStackTargetSize                   = 64                                        {product} {ergonomic}
   size_t InitialHeapSize                          = 266338304                                 {product} {ergonomic}
   size_t MarkStackSize                            = 4194304                                   {product} {ergonomic}
   size_t MaxHeapSize                              = 4250927104                                {product} {ergonomic}
   size_t MinHeapDeltaBytes                        = 1048576                                   {product} {ergonomic}
    uintx NonNMethodCodeHeapSize                   = 5835340                                {pd product} {ergonomic}
    uintx NonProfiledCodeHeapSize                  = 122911450                              {pd product} {ergonomic}
    uintx ProfiledCodeHeapSize                     = 122911450                              {pd product} {ergonomic}
    uintx ReservedCodeCacheSize                    = 251658240                              {pd product} {ergonomic}
     bool SegmentedCodeCache                       = true                                      {product} {ergonomic}
     bool UseCompressedClassPointers               = true                                 {lp64_product} {ergonomic}
     bool UseCompressedOops                        = true                                 {lp64_product} {ergonomic}
     bool UseG1GC                                  = true                                      {product} {ergonomic}
     bool UseLargePagesIndividualAllocation        = false                                  {pd product} {ergonomic}

Logging:
Log output configuration:
 #0: stdout all=warning uptime,level,tags
 #1: stderr all=off uptime,level,tags

Environment Variables:
PATH=C:/Program Files/Java/jdk-11.0.1/bin/server;C:/Program Files/Java/jdk-11.0.1/bin;C:\Program Files (x86)\Common Files\Oracle\Java\javapath;C:\Windows\system32;C:\Windows;C:\Windows\System32\Wbem;C:\Windows\System32\WindowsPowerShell\v1.0\;C:\Program Files (x86)\Common Files\lenovo\easyplussdk\bin;C:\Program Files (x86)\NVIDIA Corporation\PhysX\Common;C:\Program Files\Intel\WiFi\bin\;C:\Program Files\Common Files\Intel\WirelessCommon\;C:\WINDOWS\system32;C:\WINDOWS;C:\WINDOWS\System32\Wbem;C:\WINDOWS\System32\WindowsPowerShell\v1.0\;C:\WINDOWS\System32\OpenSSH\;C:\Program Files\Git\cmd;C:\Users\anasb\AppData\Local\Microsoft\WindowsApps;;C:\Users\anasb\OneDrive\Desktop;
USERNAME=anasb
OS=Windows_NT
PROCESSOR_IDENTIFIER=Intel64 Family 6 Model 94 Stepping 3, GenuineIntel



---------------  S Y S T E M  ---------------

OS: Windows 10 , 64 bit Build 17763 (10.0.17763.475)

CPU:total 8 (initial active 8) (4 cores per cpu, 2 threads per core) family 6 model 94 stepping 3, cmov, cx8, fxsr, mmx, sse, sse2, sse3, ssse3, sse4.1, sse4.2, popcnt, avx, avx2, aes, clmul, erms, rtm, 3dnowpref, lzcnt, ht, tsc, tscinvbit, bmi1, bmi2, adx, fma

Memory: 4k page, system-wide physical 16211M (6108M free)
TotalPageFile size 28653M (AvailPageFile size 97M)
current process WorkingSet (physical memory assigned to process): 9M, peak: 9M
current process commit charge ("private bytes"): 60M, peak: 314M

vm_info: Java HotSpot(TM) 64-Bit Server VM (11.0.1+13-LTS) for windows-amd64 JRE (11.0.1+13-LTS), built on Oct  6 2018 13:20:16 by "mach5one" with MS VC++ 15.5 (VS2017)

END.
